1766049024.626765 client started (1203): version 3.4, socket /tmp/tmux-1000/default, protocol 8
1766049024.626798 on Linux 5.15.167.4-microsoft-standard-WSL2 #1 SMP Tue Nov 5 00:21:55 UTC 2024
1766049024.626803 using libevent 2.1.12-stable poll
1766049024.626807 using ncurses 6.4 20240113
1766049024.626826 flags are 0x18010000
1766049024.626841 socket is /tmp/tmux-1000/default
1766049024.626853 trying connect
1766049024.626872 connect failed: No such file or directory
1766049024.626884 lock file is /tmp/tmux-1000/default.lock
1766049024.626937 flock succeeded
1766049024.626950 got lock (6)
1766049024.626954 trying connect
1766049024.626962 connect failed: No such file or directory
1766049024.627351 add peer 0x55697af79f40: 7 ((nil))
1766049024.628592 sending message 100 to peer 0x55697af79f40 (4 bytes)
1766049024.628616 sending message 111 to peer 0x55697af79f40 (8 bytes)
1766049024.628622 sending message 101 to peer 0x55697af79f40 (15 bytes)
1766049024.628626 sending message 109 to peer 0x55697af79f40 (4 bytes)
1766049024.628630 sending message 102 to peer 0x55697af79f40 (11 bytes)
1766049024.628634 sending message 108 to peer 0x55697af79f40 (34 bytes)
1766049024.628638 sending message 112 to peer 0x55697af79f40 (58 bytes)
1766049024.628642 sending message 112 to peer 0x55697af79f40 (5 bytes)
1766049024.628647 sending message 112 to peer 0x55697af79f40 (5 bytes)
1766049024.628650 sending message 112 to peer 0x55697af79f40 (6 bytes)
1766049024.628654 sending message 112 to peer 0x55697af79f40 (6 bytes)
1766049024.628658 sending message 112 to peer 0x55697af79f40 (11 bytes)
1766049024.628662 sending message 112 to peer 0x55697af79f40 (10 bytes)
1766049024.628666 sending message 112 to peer 0x55697af79f40 (13 bytes)
1766049024.628670 sending message 112 to peer 0x55697af79f40 (14 bytes)
1766049024.628673 sending message 112 to peer 0x55697af79f40 (19 bytes)
1766049024.628677 sending message 112 to peer 0x55697af79f40 (11 bytes)
1766049024.628680 sending message 112 to peer 0x55697af79f40 (10 bytes)
1766049024.628683 sending message 112 to peer 0x55697af79f40 (15 bytes)
1766049024.628687 sending message 112 to peer 0x55697af79f40 (21 bytes)
1766049024.628690 sending message 112 to peer 0x55697af79f40 (13 bytes)
1766049024.628693 sending message 112 to peer 0x55697af79f40 (7 bytes)
1766049024.628697 sending message 112 to peer 0x55697af79f40 (13 bytes)
1766049024.628701 sending message 112 to peer 0x55697af79f40 (7 bytes)
1766049024.628705 sending message 112 to peer 0x55697af79f40 (13 bytes)
1766049024.628709 sending message 112 to peer 0x55697af79f40 (9 bytes)
1766049024.628712 sending message 112 to peer 0x55697af79f40 (21 bytes)
1766049024.628716 sending message 112 to peer 0x55697af79f40 (13 bytes)
1766049024.628720 sending message 112 to peer 0x55697af79f40 (9 bytes)
1766049024.628724 sending message 112 to peer 0x55697af79f40 (16 bytes)
1766049024.628727 sending message 112 to peer 0x55697af79f40 (13 bytes)
1766049024.628731 sending message 112 to peer 0x55697af79f40 (9 bytes)
1766049024.628735 sending message 112 to peer 0x55697af79f40 (9 bytes)
1766049024.628739 sending message 112 to peer 0x55697af79f40 (12 bytes)
1766049024.628743 sending message 112 to peer 0x55697af79f40 (8 bytes)
1766049024.628747 sending message 112 to peer 0x55697af79f40 (8 bytes)
1766049024.628751 sending message 112 to peer 0x55697af79f40 (13 bytes)
1766049024.628755 sending message 112 to peer 0x55697af79f40 (7 bytes)
1766049024.628759 sending message 112 to peer 0x55697af79f40 (7 bytes)
1766049024.628763 sending message 112 to peer 0x55697af79f40 (9 bytes)
1766049024.628767 sending message 112 to peer 0x55697af79f40 (9 bytes)
1766049024.628770 sending message 112 to peer 0x55697af79f40 (15 bytes)
1766049024.628774 sending message 112 to peer 0x55697af79f40 (13 bytes)
1766049024.628777 sending message 112 to peer 0x55697af79f40 (12 bytes)
1766049024.628781 sending message 112 to peer 0x55697af79f40 (8 bytes)
1766049024.628785 sending message 112 to peer 0x55697af79f40 (14 bytes)
1766049024.628789 sending message 112 to peer 0x55697af79f40 (11 bytes)
1766049024.628805 sending message 112 to peer 0x55697af79f40 (9 bytes)
1766049024.628809 sending message 112 to peer 0x55697af79f40 (10 bytes)
1766049024.628813 sending message 112 to peer 0x55697af79f40 (10 bytes)
1766049024.628816 sending message 112 to peer 0x55697af79f40 (10 bytes)
1766049024.628819 sending message 112 to peer 0x55697af79f40 (10 bytes)
1766049024.628823 sending message 112 to peer 0x55697af79f40 (11 bytes)
1766049024.628826 sending message 112 to peer 0x55697af79f40 (12 bytes)
1766049024.628829 sending message 112 to peer 0x55697af79f40 (12 bytes)
1766049024.628833 sending message 112 to peer 0x55697af79f40 (12 bytes)
1766049024.628836 sending message 112 to peer 0x55697af79f40 (12 bytes)
1766049024.628840 sending message 112 to peer 0x55697af79f40 (12 bytes)
1766049024.628843 sending message 112 to peer 0x55697af79f40 (11 bytes)
1766049024.628846 sending message 112 to peer 0x55697af79f40 (11 bytes)
1766049024.628850 sending message 112 to peer 0x55697af79f40 (12 bytes)
1766049024.628853 sending message 112 to peer 0x55697af79f40 (12 bytes)
1766049024.628856 sending message 112 to peer 0x55697af79f40 (12 bytes)
1766049024.628860 sending message 112 to peer 0x55697af79f40 (12 bytes)
1766049024.628863 sending message 112 to peer 0x55697af79f40 (12 bytes)
1766049024.628866 sending message 112 to peer 0x55697af79f40 (9 bytes)
1766049024.628870 sending message 112 to peer 0x55697af79f40 (12 bytes)
1766049024.628873 sending message 112 to peer 0x55697af79f40 (13 bytes)
1766049024.628877 sending message 112 to peer 0x55697af79f40 (13 bytes)
1766049024.628880 sending message 112 to peer 0x55697af79f40 (13 bytes)
1766049024.628884 sending message 112 to peer 0x55697af79f40 (13 bytes)
1766049024.628887 sending message 112 to peer 0x55697af79f40 (13 bytes)
1766049024.628890 sending message 112 to peer 0x55697af79f40 (8 bytes)
1766049024.628894 sending message 112 to peer 0x55697af79f40 (11 bytes)
1766049024.628897 sending message 112 to peer 0x55697af79f40 (11 bytes)
1766049024.628901 sending message 112 to peer 0x55697af79f40 (11 bytes)
1766049024.628904 sending message 112 to peer 0x55697af79f40 (12 bytes)
1766049024.628908 sending message 112 to peer 0x55697af79f40 (12 bytes)
1766049024.628911 sending message 112 to peer 0x55697af79f40 (12 bytes)
1766049024.628914 sending message 112 to peer 0x55697af79f40 (12 bytes)
1766049024.628918 sending message 112 to peer 0x55697af79f40 (13 bytes)
1766049024.628921 sending message 112 to peer 0x55697af79f40 (13 bytes)
1766049024.628924 sending message 112 to peer 0x55697af79f40 (13 bytes)
1766049024.628928 sending message 112 to peer 0x55697af79f40 (8 bytes)
1766049024.628931 sending message 112 to peer 0x55697af79f40 (13 bytes)
1766049024.628935 sending message 112 to peer 0x55697af79f40 (13 bytes)
1766049024.628939 sending message 112 to peer 0x55697af79f40 (13 bytes)
1766049024.628943 sending message 112 to peer 0x55697af79f40 (13 bytes)
1766049024.628947 sending message 112 to peer 0x55697af79f40 (13 bytes)
1766049024.628950 sending message 112 to peer 0x55697af79f40 (12 bytes)
1766049024.628954 sending message 112 to peer 0x55697af79f40 (12 bytes)
1766049024.628957 sending message 112 to peer 0x55697af79f40 (12 bytes)
1766049024.628961 sending message 112 to peer 0x55697af79f40 (12 bytes)
1766049024.628964 sending message 112 to peer 0x55697af79f40 (13 bytes)
1766049024.628967 sending message 112 to peer 0x55697af79f40 (8 bytes)
1766049024.628971 sending message 112 to peer 0x55697af79f40 (13 bytes)
1766049024.628974 sending message 112 to peer 0x55697af79f40 (13 bytes)
1766049024.628978 sending message 112 to peer 0x55697af79f40 (13 bytes)
1766049024.628982 sending message 112 to peer 0x55697af79f40 (13 bytes)
1766049024.628985 sending message 112 to peer 0x55697af79f40 (13 bytes)
1766049024.628988 sending message 112 to peer 0x55697af79f40 (13 bytes)
1766049024.628992 sending message 112 to peer 0x55697af79f40 (13 bytes)
1766049024.628995 sending message 112 to peer 0x55697af79f40 (12 bytes)
1766049024.628998 sending message 112 to peer 0x55697af79f40 (12 bytes)
1766049024.629005 sending message 112 to peer 0x55697af79f40 (12 bytes)
1766049024.629009 sending message 112 to peer 0x55697af79f40 (8 bytes)
1766049024.629013 sending message 112 to peer 0x55697af79f40 (12 bytes)
1766049024.629017 sending message 112 to peer 0x55697af79f40 (13 bytes)
1766049024.629020 sending message 112 to peer 0x55697af79f40 (13 bytes)
1766049024.629024 sending message 112 to peer 0x55697af79f40 (13 bytes)
1766049024.629028 sending message 112 to peer 0x55697af79f40 (13 bytes)
1766049024.629031 sending message 112 to peer 0x55697af79f40 (13 bytes)
1766049024.629034 sending message 112 to peer 0x55697af79f40 (13 bytes)
1766049024.629038 sending message 112 to peer 0x55697af79f40 (13 bytes)
1766049024.629041 sending message 112 to peer 0x55697af79f40 (13 bytes)
1766049024.629044 sending message 112 to peer 0x55697af79f40 (12 bytes)
1766049024.629047 sending message 112 to peer 0x55697af79f40 (10 bytes)
1766049024.629051 sending message 112 to peer 0x55697af79f40 (12 bytes)
1766049024.629054 sending message 112 to peer 0x55697af79f40 (12 bytes)
1766049024.629057 sending message 112 to peer 0x55697af79f40 (12 bytes)
1766049024.629060 sending message 112 to peer 0x55697af79f40 (13 bytes)
1766049024.629063 sending message 112 to peer 0x55697af79f40 (13 bytes)
1766049024.629066 sending message 112 to peer 0x55697af79f40 (13 bytes)
1766049024.629070 sending message 112 to peer 0x55697af79f40 (13 bytes)
1766049024.629073 sending message 112 to peer 0x55697af79f40 (13 bytes)
1766049024.629076 sending message 112 to peer 0x55697af79f40 (13 bytes)
1766049024.629080 sending message 112 to peer 0x55697af79f40 (13 bytes)
1766049024.629083 sending message 112 to peer 0x55697af79f40 (10 bytes)
1766049024.629086 sending message 112 to peer 0x55697af79f40 (13 bytes)
1766049024.629089 sending message 112 to peer 0x55697af79f40 (12 bytes)
1766049024.629092 sending message 112 to peer 0x55697af79f40 (12 bytes)
1766049024.629096 sending message 112 to peer 0x55697af79f40 (12 bytes)
1766049024.629099 sending message 112 to peer 0x55697af79f40 (10 bytes)
1766049024.629102 sending message 112 to peer 0x55697af79f40 (10 bytes)
1766049024.629105 sending message 112 to peer 0x55697af79f40 (10 bytes)
1766049024.629109 sending message 112 to peer 0x55697af79f40 (12 bytes)
1766049024.629112 sending message 112 to peer 0x55697af79f40 (13 bytes)
1766049024.629115 sending message 112 to peer 0x55697af79f40 (13 bytes)
1766049024.629118 sending message 112 to peer 0x55697af79f40 (13 bytes)
1766049024.629121 sending message 112 to peer 0x55697af79f40 (13 bytes)
1766049024.629124 sending message 112 to peer 0x55697af79f40 (13 bytes)
1766049024.629127 sending message 112 to peer 0x55697af79f40 (10 bytes)
1766049024.629130 sending message 112 to peer 0x55697af79f40 (11 bytes)
1766049024.629133 sending message 112 to peer 0x55697af79f40 (12 bytes)
1766049024.629137 sending message 112 to peer 0x55697af79f40 (12 bytes)
1766049024.629140 sending message 112 to peer 0x55697af79f40 (12 bytes)
1766049024.629143 sending message 112 to peer 0x55697af79f40 (12 bytes)
1766049024.629146 sending message 112 to peer 0x55697af79f40 (12 bytes)
1766049024.629149 sending message 112 to peer 0x55697af79f40 (11 bytes)
1766049024.629152 sending message 112 to peer 0x55697af79f40 (12 bytes)
1766049024.629155 sending message 112 to peer 0x55697af79f40 (12 bytes)
1766049024.629158 sending message 112 to peer 0x55697af79f40 (13 bytes)
1766049024.629161 sending message 112 to peer 0x55697af79f40 (13 bytes)
1766049024.629165 sending message 112 to peer 0x55697af79f40 (13 bytes)
1766049024.629168 sending message 112 to peer 0x55697af79f40 (13 bytes)
1766049024.629171 sending message 112 to peer 0x55697af79f40 (13 bytes)
1766049024.629174 sending message 112 to peer 0x55697af79f40 (10 bytes)
1766049024.629177 sending message 112 to peer 0x55697af79f40 (9 bytes)
1766049024.629181 sending message 112 to peer 0x55697af79f40 (12 bytes)
1766049024.629184 sending message 112 to peer 0x55697af79f40 (13 bytes)
1766049024.629188 sending message 112 to peer 0x55697af79f40 (13 bytes)
1766049024.629196 sending message 112 to peer 0x55697af79f40 (13 bytes)
1766049024.629200 sending message 112 to peer 0x55697af79f40 (13 bytes)
1766049024.629203 sending message 112 to peer 0x55697af79f40 (13 bytes)
1766049024.629206 sending message 112 to peer 0x55697af79f40 (9 bytes)
1766049024.629210 sending message 112 to peer 0x55697af79f40 (12 bytes)
1766049024.629213 sending message 112 to peer 0x55697af79f40 (13 bytes)
1766049024.629216 sending message 112 to peer 0x55697af79f40 (13 bytes)
1766049024.629219 sending message 112 to peer 0x55697af79f40 (13 bytes)
1766049024.629222 sending message 112 to peer 0x55697af79f40 (13 bytes)
1766049024.629225 sending message 112 to peer 0x55697af79f40 (13 bytes)
1766049024.629228 sending message 112 to peer 0x55697af79f40 (11 bytes)
1766049024.629231 sending message 112 to peer 0x55697af79f40 (12 bytes)
1766049024.629235 sending message 112 to peer 0x55697af79f40 (13 bytes)
1766049024.629238 sending message 112 to peer 0x55697af79f40 (13 bytes)
1766049024.629241 sending message 112 to peer 0x55697af79f40 (13 bytes)
1766049024.629244 sending message 112 to peer 0x55697af79f40 (13 bytes)
1766049024.629247 sending message 112 to peer 0x55697af79f40 (13 bytes)
1766049024.629251 sending message 112 to peer 0x55697af79f40 (11 bytes)
1766049024.629254 sending message 112 to peer 0x55697af79f40 (12 bytes)
1766049024.629257 sending message 112 to peer 0x55697af79f40 (12 bytes)
1766049024.629261 sending message 112 to peer 0x55697af79f40 (12 bytes)
1766049024.629264 sending message 112 to peer 0x55697af79f40 (12 bytes)
1766049024.629267 sending message 112 to peer 0x55697af79f40 (12 bytes)
1766049024.629270 sending message 112 to peer 0x55697af79f40 (21 bytes)
1766049024.629274 sending message 112 to peer 0x55697af79f40 (12 bytes)
1766049024.629277 sending message 112 to peer 0x55697af79f40 (9 bytes)
1766049024.629281 sending message 112 to peer 0x55697af79f40 (6 bytes)
1766049024.629285 sending message 112 to peer 0x55697af79f40 (13 bytes)
1766049024.629289 sending message 112 to peer 0x55697af79f40 (10 bytes)
1766049024.629292 sending message 112 to peer 0x55697af79f40 (24 bytes)
1766049024.629296 sending message 112 to peer 0x55697af79f40 (13 bytes)
1766049024.629299 sending message 112 to peer 0x55697af79f40 (9 bytes)
1766049024.629303 sending message 112 to peer 0x55697af79f40 (70 bytes)
1766049024.629306 sending message 112 to peer 0x55697af79f40 (69 bytes)
1766049024.629309 sending message 112 to peer 0x55697af79f40 (12 bytes)
1766049024.629313 sending message 112 to peer 0x55697af79f40 (10 bytes)
1766049024.629316 sending message 112 to peer 0x55697af79f40 (10 bytes)
1766049024.629319 sending message 112 to peer 0x55697af79f40 (24 bytes)
1766049024.629322 sending message 112 to peer 0x55697af79f40 (13 bytes)
1766049024.629326 sending message 112 to peer 0x55697af79f40 (10 bytes)
1766049024.629330 sending message 112 to peer 0x55697af79f40 (10 bytes)
1766049024.629333 sending message 112 to peer 0x55697af79f40 (10 bytes)
1766049024.629337 sending message 112 to peer 0x55697af79f40 (13 bytes)
1766049024.629340 sending message 112 to peer 0x55697af79f40 (15 bytes)
1766049024.629343 sending message 112 to peer 0x55697af79f40 (5 bytes)
1766049024.629348 sending message 104 to peer 0x55697af79f40 (0 bytes)
1766049024.629353 sending message 110 to peer 0x55697af79f40 (0 bytes)
1766049024.629358 sending message 107 to peer 0x55697af79f40 (4 bytes)
1766049024.629362 sending message 105 to peer 0x55697af79f40 (16 bytes)
1766049024.629366 sending message 105 to peer 0x55697af79f40 (20 bytes)
1766049024.629369 sending message 105 to peer 0x55697af79f40 (24 bytes)
1766049024.629373 sending message 105 to peer 0x55697af79f40 (46 bytes)
1766049024.629376 sending message 105 to peer 0x55697af79f40 (23 bytes)
1766049024.629380 sending message 105 to peer 0x55697af79f40 (46 bytes)
1766049024.629383 sending message 105 to peer 0x55697af79f40 (18 bytes)
1766049024.629387 sending message 105 to peer 0x55697af79f40 (17 bytes)
1766049024.629391 sending message 105 to peer 0x55697af79f40 (38 bytes)
1766049024.629397 sending message 105 to peer 0x55697af79f40 (17 bytes)
1766049024.629400 sending message 105 to peer 0x55697af79f40 (20 bytes)
1766049024.629403 sending message 105 to peer 0x55697af79f40 (13 bytes)
1766049024.629407 sending message 105 to peer 0x55697af79f40 (33 bytes)
1766049024.629411 sending message 105 to peer 0x55697af79f40 (1817 bytes)
1766049024.629428 sending message 105 to peer 0x55697af79f40 (26 bytes)
1766049024.629432 sending message 105 to peer 0x55697af79f40 (34 bytes)
1766049024.629435 sending message 105 to peer 0x55697af79f40 (20 bytes)
1766049024.629439 sending message 105 to peer 0x55697af79f40 (32 bytes)
1766049024.629443 sending message 105 to peer 0x55697af79f40 (14 bytes)
1766049024.629446 sending message 105 to peer 0x55697af79f40 (11 bytes)
1766049024.629449 sending message 105 to peer 0x55697af79f40 (8 bytes)
1766049024.629453 sending message 105 to peer 0x55697af79f40 (32 bytes)
1766049024.629457 sending message 105 to peer 0x55697af79f40 (56 bytes)
1766049024.629461 sending message 105 to peer 0x55697af79f40 (65 bytes)
1766049024.629465 sending message 105 to peer 0x55697af79f40 (2080 bytes)
1766049024.629469 sending message 105 to peer 0x55697af79f40 (54 bytes)
1766049024.629474 sending message 105 to peer 0x55697af79f40 (16 bytes)
1766049024.629477 sending message 105 to peer 0x55697af79f40 (40 bytes)
1766049024.629481 sending message 105 to peer 0x55697af79f40 (22 bytes)
1766049024.629484 sending message 105 to peer 0x55697af79f40 (21 bytes)
1766049024.629488 sending message 105 to peer 0x55697af79f40 (16 bytes)
1766049024.629491 sending message 106 to peer 0x55697af79f40 (0 bytes)
1766049024.629544 sending message 200 to peer 0x55697af79f40 (4 bytes)
1766049024.629549 client loop enter
1766049024.629569 client_signal: Child exited
1766049024.694129 peer 0x55697af79f40 message 207
1766049024.694140 sending message 208 to peer 0x55697af79f40 (0 bytes)
1766049043.102831 peer 0x55697af79f40 message 201
1766049043.102868 sending message 205 to peer 0x55697af79f40 (0 bytes)
1766049043.103795 peer 0x55697af79f40 message 204
1766049043.103808 client loop exit
